[18-Jun-2022 21:45:49] NOTICE: fpm is running, pid 13
[18-Jun-2022 21:45:50] NOTICE: ready to handle connections
[18-Jun-2022 21:45:50] NOTICE: systemd monitor interval set to 10000ms
[19-Jun-2022 22:42:50] NOTICE: fpm is running, pid 13
[19-Jun-2022 22:42:50] NOTICE: ready to handle connections
[19-Jun-2022 22:42:50] NOTICE: systemd monitor interval set to 10000ms
[19-Jun-2022 22:44:54] NOTICE: fpm is running, pid 13
[19-Jun-2022 22:44:54] NOTICE: ready to handle connections
[19-Jun-2022 22:44:54] NOTICE: systemd monitor interval set to 10000ms
[19-Jun-2022 23:05:50] NOTICE: fpm is running, pid 13
[19-Jun-2022 23:05:50] NOTICE: ready to handle connections
[19-Jun-2022 23:05:50] NOTICE: systemd monitor interval set to 10000ms
[19-Jun-2022 23:07:50] NOTICE: fpm is running, pid 13
[19-Jun-2022 23:07:50] NOTICE: ready to handle connections
[19-Jun-2022 23:07:50] NOTICE: systemd monitor interval set to 10000ms
[19-Jun-2022 23:10:13] NOTICE: fpm is running, pid 13
[19-Jun-2022 23:10:13] NOTICE: ready to handle connections
[19-Jun-2022 23:10:13] NOTICE: systemd monitor interval set to 10000ms
[19-Jun-2022 23:11:25] NOTICE: fpm is running, pid 13
[19-Jun-2022 23:11:25] NOTICE: ready to handle connections
[19-Jun-2022 23:11:25] NOTICE: systemd monitor interval set to 10000ms
[19-Jun-2022 23:19:34] NOTICE: fpm is running, pid 14
[19-Jun-2022 23:19:34] NOTICE: ready to handle connections
[19-Jun-2022 23:19:34] NOTICE: systemd monitor interval set to 10000ms
[19-Jun-2022 23:47:35] NOTICE: fpm is running, pid 13
[19-Jun-2022 23:47:35] NOTICE: ready to handle connections
[19-Jun-2022 23:47:35] NOTICE: systemd monitor interval set to 10000ms
[19-Jun-2022 23:48:58] NOTICE: fpm is running, pid 13
[19-Jun-2022 23:48:58] NOTICE: ready to handle connections
[19-Jun-2022 23:48:58] NOTICE: systemd monitor interval set to 10000ms
[19-Jun-2022 23:54:00] NOTICE: fpm is running, pid 14
[19-Jun-2022 23:54:00] NOTICE: ready to handle connections
[19-Jun-2022 23:54:00] NOTICE: systemd monitor interval set to 10000ms
[19-Jun-2022 23:55:23] NOTICE: fpm is running, pid 13
[19-Jun-2022 23:55:23] NOTICE: ready to handle connections
[19-Jun-2022 23:55:23] NOTICE: systemd monitor interval set to 10000ms
[19-Jun-2022 23:57:07] NOTICE: fpm is running, pid 14
[19-Jun-2022 23:57:07] NOTICE: ready to handle connections
[19-Jun-2022 23:57:07] NOTICE: systemd monitor interval set to 10000ms
[20-Jun-2022 00:18:32] NOTICE: fpm is running, pid 14
[20-Jun-2022 00:18:32] NOTICE: ready to handle connections
[20-Jun-2022 00:18:32] NOTICE: systemd monitor interval set to 10000ms
[20-Jun-2022 00:23:22] NOTICE: fpm is running, pid 13
[20-Jun-2022 00:23:22] NOTICE: ready to handle connections
[20-Jun-2022 00:23:22] NOTICE: systemd monitor interval set to 10000ms
[20-Jun-2022 00:24:59] NOTICE: fpm is running, pid 13
[20-Jun-2022 00:24:59] NOTICE: ready to handle connections
[20-Jun-2022 00:24:59] NOTICE: systemd monitor interval set to 10000ms
[20-Jun-2022 00:26:22] NOTICE: fpm is running, pid 13
[20-Jun-2022 00:26:22] NOTICE: ready to handle connections
[20-Jun-2022 00:26:22] NOTICE: systemd monitor interval set to 10000ms
[20-Jun-2022 17:22:28] NOTICE: fpm is running, pid 13
[20-Jun-2022 17:22:28] NOTICE: ready to handle connections
[20-Jun-2022 17:22:28] NOTICE: systemd monitor interval set to 10000ms
[20-Jun-2022 17:30:19] NOTICE: fpm is running, pid 13
[20-Jun-2022 17:30:19] NOTICE: ready to handle connections
[20-Jun-2022 17:30:19] NOTICE: systemd monitor interval set to 10000ms
[20-Jun-2022 17:36:19] NOTICE: fpm is running, pid 13
[20-Jun-2022 17:36:19] NOTICE: ready to handle connections
[20-Jun-2022 17:36:19] NOTICE: systemd monitor interval set to 10000ms
[22-Jun-2022 10:38:29] NOTICE: fpm is running, pid 13
[22-Jun-2022 10:38:29] NOTICE: ready to handle connections
[22-Jun-2022 10:38:29] NOTICE: systemd monitor interval set to 10000ms
[22-Jun-2022 15:23:48] WARNING: [pool www] child 70 exited on signal 11 (SIGSEGV) after 16827.269502 seconds from start
[22-Jun-2022 15:23:48] NOTICE: [pool www] child 357 started
[22-Jun-2022 15:25:42] WARNING: [pool www] child 24 exited on signal 11 (SIGSEGV) after 17142.296717 seconds from start
[22-Jun-2022 15:25:42] NOTICE: [pool www] child 358 started
[22-Jun-2022 15:26:06] WARNING: [pool www] child 80 exited on signal 11 (SIGSEGV) after 16626.747548 seconds from start
[22-Jun-2022 15:26:06] NOTICE: [pool www] child 359 started
[22-Jun-2022 17:03:02] WARNING: [pool www] child 30 exited on signal 11 (SIGSEGV) after 22981.493738 seconds from start
[22-Jun-2022 17:03:02] NOTICE: [pool www] child 412 started
[23-Jun-2022 20:22:37] NOTICE: fpm is running, pid 13
[23-Jun-2022 20:22:37] NOTICE: ready to handle connections
[23-Jun-2022 20:22:37] NOTICE: systemd monitor interval set to 10000ms
[23-Jun-2022 20:23:25] NOTICE: fpm is running, pid 13
[23-Jun-2022 20:23:25] NOTICE: ready to handle connections
[23-Jun-2022 20:23:25] NOTICE: systemd monitor interval set to 10000ms
[23-Jun-2022 20:45:22] NOTICE: fpm is running, pid 13
[23-Jun-2022 20:45:22] NOTICE: ready to handle connections
[23-Jun-2022 20:45:22] NOTICE: systemd monitor interval set to 10000ms
